<?xml version="1.0" encoding="UTF-8"?>
<!-- Generated by org.testng.reporters.JUnitXMLReporter -->
<testsuite ignored="0" hostname="DESKTOP-7VCDQC7" failures="0" tests="4" name="Default test" time="7.613" errors="0" timestamp="2023-12-05T07:46:21 GMT-06:00">
  <testcase classname="api.test.UserTests2" name="testCreateUser" time="5.328"/>
  <testcase classname="api.test.UserTests2" name="testGetUser" time="0.378"/>
  <testcase classname="api.test.UserTests2" name="testUpdateUser" time="0.346"/>
  <testcase classname="api.test.UserTests2" name="testDeleteUser" time="0.302"/>
</testsuite> <!-- Default test -->
