<?xml version="1.0" encoding="UTF-8"?>
<!-- Generated by org.testng.reporters.JUnitXMLReporter -->
<testsuite ignored="0" hostname="DESKTOP-7VCDQC7" failures="0" tests="4" name="Test" time="7.365" errors="0" timestamp="2023-12-05T08:08:53 GMT-06:00">
  <testcase classname="api.test.UserTests" name="testCreateUser" time="5.553"/>
  <testcase classname="api.test.UserTests" name="testGetUser" time="0.4"/>
  <testcase classname="api.test.UserTests" name="testUpdateUser" time="0.379"/>
  <testcase classname="api.test.UserTests" name="testDeleteUser" time="0.35"/>
</testsuite> <!-- Test -->
