<?xml version="1.0" encoding="UTF-8"?>
<testng-results ignored="0" total="4" passed="4" failed="0" skipped="0">
  <reporter-output>
  </reporter-output>
  <suite started-at="2023-12-05T08:08:46 GMT-06:00" name="Suite" finished-at="2023-12-05T08:08:53 GMT-06:00" duration-ms="7365">
    <groups>
    </groups>
    <test started-at="2023-12-05T08:08:46 GMT-06:00" name="Test" finished-at="2023-12-05T08:08:53 GMT-06:00" duration-ms="7365">
      <class name="api.test.UserTests">
        <test-method is-config="true" signature="setData()[pri:0, instance:api.test.UserTests@708f5957]" started-at="2023-12-05T08:08:46 GMT-06:00" name="setData" finished-at="2023-12-05T08:08:46 GMT-06:00" duration-ms="595" status="PASS">
          <reporter-output>
          </reporter-output>
        </test-method> <!-- setData -->
        <test-method signature="testCreateUser()[pri:0, instance:api.test.UserTests@708f5957]" started-at="2023-12-05T08:08:46 GMT-06:00" name="testCreateUser" finished-at="2023-12-05T08:08:52 GMT-06:00" duration-ms="5553" status="PASS">
          <reporter-output>
          </reporter-output>
        </test-method> <!-- testCreateUser -->
        <test-method signature="testGetUser()[pri:1, instance:api.test.UserTests@708f5957]" started-at="2023-12-05T08:08:52 GMT-06:00" name="testGetUser" finished-at="2023-12-05T08:08:52 GMT-06:00" duration-ms="400" status="PASS">
          <reporter-output>
          </reporter-output>
        </test-method> <!-- testGetUser -->
        <test-method signature="testUpdateUser()[pri:2, instance:api.test.UserTests@708f5957]" started-at="2023-12-05T08:08:52 GMT-06:00" name="testUpdateUser" finished-at="2023-12-05T08:08:53 GMT-06:00" duration-ms="379" status="PASS">
          <reporter-output>
          </reporter-output>
        </test-method> <!-- testUpdateUser -->
        <test-method signature="testDeleteUser()[pri:3, instance:api.test.UserTests@708f5957]" started-at="2023-12-05T08:08:53 GMT-06:00" name="testDeleteUser" finished-at="2023-12-05T08:08:53 GMT-06:00" duration-ms="350" status="PASS">
          <reporter-output>
          </reporter-output>
        </test-method> <!-- testDeleteUser -->
      </class> <!-- api.test.UserTests -->
    </test> <!-- Test -->
  </suite> <!-- Suite -->
</testng-results>
