<?xml version="1.0" encoding="UTF-8"?>
<testng-results ignored="0" total="4" passed="4" failed="0" skipped="0">
  <reporter-output>
  </reporter-output>
  <suite started-at="2023-12-05T07:46:13 GMT-06:00" name="Default suite" finished-at="2023-12-05T07:46:21 GMT-06:00" duration-ms="7613">
    <groups>
    </groups>
    <test started-at="2023-12-05T07:46:13 GMT-06:00" name="Default test" finished-at="2023-12-05T07:46:21 GMT-06:00" duration-ms="7613">
      <class name="api.test.UserTests2">
        <test-method is-config="true" signature="setData()[pri:0, instance:api.test.UserTests2@128d2484]" started-at="2023-12-05T07:46:13 GMT-06:00" name="setData" finished-at="2023-12-05T07:46:14 GMT-06:00" duration-ms="1066" status="PASS">
          <reporter-output>
          </reporter-output>
        </test-method> <!-- setData -->
        <test-method signature="testCreateUser()[pri:0, instance:api.test.UserTests2@128d2484]" started-at="2023-12-05T07:46:14 GMT-06:00" name="testCreateUser" finished-at="2023-12-05T07:46:20 GMT-06:00" duration-ms="5328" status="PASS">
          <reporter-output>
          </reporter-output>
        </test-method> <!-- testCreateUser -->
        <test-method signature="testGetUser()[pri:1, instance:api.test.UserTests2@128d2484]" started-at="2023-12-05T07:46:20 GMT-06:00" name="testGetUser" finished-at="2023-12-05T07:46:20 GMT-06:00" duration-ms="378" status="PASS">
          <reporter-output>
          </reporter-output>
        </test-method> <!-- testGetUser -->
        <test-method signature="testUpdateUser()[pri:2, instance:api.test.UserTests2@128d2484]" started-at="2023-12-05T07:46:20 GMT-06:00" name="testUpdateUser" finished-at="2023-12-05T07:46:20 GMT-06:00" duration-ms="346" status="PASS">
          <reporter-output>
          </reporter-output>
        </test-method> <!-- testUpdateUser -->
        <test-method signature="testDeleteUser()[pri:3, instance:api.test.UserTests2@128d2484]" started-at="2023-12-05T07:46:20 GMT-06:00" name="testDeleteUser" finished-at="2023-12-05T07:46:21 GMT-06:00" duration-ms="302" status="PASS">
          <reporter-output>
          </reporter-output>
        </test-method> <!-- testDeleteUser -->
      </class> <!-- api.test.UserTests2 -->
    </test> <!-- Default test -->
  </suite> <!-- Default suite -->
</testng-results>
